0 info it worked if it ends with ok
1 verbose cli [ '/Users/robby.emmert/.nvm/versions/node/v6.0.0/bin/node',
1 verbose cli   '/Users/robby.emmert/.nvm/versions/node/v6.0.0/bin/npm',
1 verbose cli   'start' ]
2 info using npm@3.8.6
3 info using node@v6.0.0
4 verbose run-script [ 'prestart', 'start', 'poststart' ]
5 info lifecycle jsbuild@1.0.0~prestart: jsbuild@1.0.0
6 silly lifecycle jsbuild@1.0.0~prestart: no script for prestart, continuing
7 info lifecycle jsbuild@1.0.0~start: jsbuild@1.0.0
8 verbose lifecycle jsbuild@1.0.0~start: unsafe-perm in lifecycle true
9 verbose lifecycle jsbuild@1.0.0~start: PATH: /Users/robby.emmert/.nvm/versions/node/v6.0.0/lib/node_modules/npm/bin/node-gyp-bin:/Users/robby.emmert/Web/react-redux-starter-kit/node_modules/.bin:/Users/robby.emmert/.nvm/versions/node/v6.0.0/bin:/Users/robby.emmert/.nvm/versions/node/v6.0.0/bin:/usr/local/bin:/usr/bin:/bin:/usr/sbin:/sbin:/usr/local/go/bin:/usr/local/go/bin:/Users/robby.emmert/go/bin:/usr/local/bin:/usr/bin:/bin:/usr/sbin:/sbin:/usr/local/go/bin:/usr/local/go/bin:/usr/local/bin:/Users/robby.emmert/.nvm/versions/node/v4.0.0/bin:/Users/robby.emmert/.gvm/bin:/usr/local/bin:/usr/bin:/bin:/usr/sbin:/sbin
10 verbose lifecycle jsbuild@1.0.0~start: CWD: /Users/robby.emmert/Web/react-redux-starter-kit
11 silly lifecycle jsbuild@1.0.0~start: Args: [ '-c', 'webpack-dev-server --colors --progress --inline' ]
12 silly lifecycle jsbuild@1.0.0~start: Returned: code: 1  signal: null
13 info lifecycle jsbuild@1.0.0~start: Failed to exec start script
14 verbose stack Error: jsbuild@1.0.0 start: `webpack-dev-server --colors --progress --inline`
14 verbose stack Exit status 1
14 verbose stack     at EventEmitter.<anonymous> (/Users/robby.emmert/.nvm/versions/node/v6.0.0/lib/node_modules/npm/lib/utils/lifecycle.js:239:16)
14 verbose stack     at emitTwo (events.js:106:13)
14 verbose stack     at EventEmitter.emit (events.js:191:7)
14 verbose stack     at ChildProcess.<anonymous> (/Users/robby.emmert/.nvm/versions/node/v6.0.0/lib/node_modules/npm/lib/utils/spawn.js:24:14)
14 verbose stack     at emitTwo (events.js:106:13)
14 verbose stack     at ChildProcess.emit (events.js:191:7)
14 verbose stack     at maybeClose (internal/child_process.js:850:16)
14 verbose stack     at Process.ChildProcess._handle.onexit (internal/child_process.js:215:5)
15 verbose pkgid jsbuild@1.0.0
16 verbose cwd /Users/robby.emmert/Web/react-redux-starter-kit
17 error Darwin 15.5.0
18 error argv "/Users/robby.emmert/.nvm/versions/node/v6.0.0/bin/node" "/Users/robby.emmert/.nvm/versions/node/v6.0.0/bin/npm" "start"
19 error node v6.0.0
20 error npm  v3.8.6
21 error code ELIFECYCLE
22 error jsbuild@1.0.0 start: `webpack-dev-server --colors --progress --inline`
22 error Exit status 1
23 error Failed at the jsbuild@1.0.0 start script 'webpack-dev-server --colors --progress --inline'.
23 error Make sure you have the latest version of node.js and npm installed.
23 error If you do, this is most likely a problem with the jsbuild package,
23 error not with npm itself.
23 error Tell the author that this fails on your system:
23 error     webpack-dev-server --colors --progress --inline
23 error You can get information on how to open an issue for this project with:
23 error     npm bugs jsbuild
23 error Or if that isn't available, you can get their info via:
23 error     npm owner ls jsbuild
23 error There is likely additional logging output above.
24 verbose exit [ 1, true ]
